<?xml version="1.0" encoding="UTF-8"?>
<!-- Generated by org.testng.reporters.JUnitReportReporter -->
<testsuite hostname="MCKINLEY-QA5" name="automationFramework.TestNG" tests="2" failures="0" timestamp="25 May 2017 09:49:45 GMT" time="0.018" errors="0">
  <testcase name="testCase1" time="0.017" classname="automationFramework.TestNG"/>
  <testcase name="testCase2" time="0.001" classname="automationFramework.TestNG"/>
</testsuite> <!-- automationFramework.TestNG -->
