<?xml version="1.0" encoding="UTF-8"?>
<!-- Generated by org.testng.reporters.JUnitReportReporter -->
<testsuite hostname="MCKINLEY-QA5" name="automationFramework.MultipleTest" tests="3" failures="0" timestamp="25 May 2017 12:09:04 GMT" time="0.010" errors="0">
  <testcase name="Car1" time="0.008" classname="automationFramework.MultipleTest"/>
  <testcase name="Sedan1" time="0.001" classname="automationFramework.MultipleTest"/>
  <testcase name="Car2" time="0.001" classname="automationFramework.MultipleTest"/>
</testsuite> <!-- automationFramework.MultipleTest -->
